<?xml version="1.0" encoding="UTF-8"?>
<!-- Generated by org.testng.reporters.JUnitReportReporter -->
<testsuite hostname="JankiRaghuram" failures="0" tests="2" name="mainPack.DriverApp" time="124.952" errors="0" timestamp="23 Dec 2020 10:46:58 GMT" skipped="0">
  <testcase classname="mainPack.DriverApp" name="testlaunch" time="62.476"/>
  <testcase classname="mainPack.DriverApp" name="testlaunch" time="62.476"/>
</testsuite> <!-- mainPack.DriverApp -->
